------------------------------------------------------
 This job is allocated on 8 cpu(s)
Job is running on node(s): 
wn273.scope.unina.it
wn274.scope.unina.it
wn275.scope.unina.it
wn276.scope.unina.it
wn277.scope.unina.it
wn278.scope.unina.it
wn279.scope.unina.it
wn280.scope.unina.it
------------------------------------------------------
PBS: qsub is running on ui-studenti.scope.unina.it
PBS: originating queue is studenti
PBS: executing queue is studenti
PBS: working directory is /homes/DMA/PDC/2022/PCCGPP98C/matrix_x_matrix
PBS: execution mode is PBS_BATCH
PBS: job identifier is 4007090.torque02.scope.unina.it
PBS: job name is matrix_x_matrix_hide_result
PBS: node file is /var/spool/pbs/aux//4007090.torque02.scope.unina.it
PBS: current home directory is /homes/DMA/PDC/2022/PCCGPP98C
PBS: PATH = /usr/lib64/openmpi/1.2.7-gcc/bin:/usr/kerberos/bin:/opt/exp_soft/unina.it/intel/composer_xe_2013_sp1.3.174/bin/intel64:/opt/exp_soft/unina.it/intel/composer_xe_2013_sp1.3.174/mpirt/bin/intel64:/opt/exp_soft/unina.it/intel/composer_xe_2013_sp1.3.174/bin/intel64:/opt/exp_soft/unina.it/intel/composer_xe_2013_sp1.3.174/bin/intel64_mic:/opt/exp_soft/unina.it/intel/composer_xe_2013_sp1.3.174/debugger/gui/intel64:/opt/d-cache/srm/bin:/opt/d-cache/dcap/bin:/opt/edg/bin:/opt/glite/bin:/opt/globus/bin:/opt/lcg/bin:/usr/local/bin:/bin:/usr/bin:/opt/exp_soft/HADOOP/hadoop-1.0.3/bin:/opt/exp_soft/unina.it/intel/composerxe/bin/intel64/:/opt/exp_soft/unina.it/MPJExpress/mpj-v0_38/bin:/homes/DMA/PDC/2022/PCCGPP98C/bin
------------------------------------------------------
Eseguo/usr/lib64/openmpi/1.4-gcc/bin/mpicc -o /homes/DMA/PDC/2022/PCCGPP98C/matrix_x_matrix/matrix_x_matrix_hide_result /homes/DMA/PDC/2022/PCCGPP98C/matrix_x_matrix/main.c
Executing it with 4 processor
Eseguo /usr/lib64/openmpi/1.4-gcc/bin/mpiexec -machinefile hostlist -n 4 /homes/DMA/PDC/2022/PCCGPP98C/matrix_x_matrix/matrix_x_matrix_hide_result 2 2 4 0 1
---------------------------------------------
Matrix A:
Row: 1
-13.301025 -29.606201 21.379051 87.400421 
Row: 2
63.122704 -10.359703 -50.184769 -72.810455 
Row: 3
40.806992 4.305405 -97.157578 74.157013 
Row: 4
12.183815 30.251602 -94.433945 -27.762222 
---------------------------------------------
Matrix B:
Row: 1
97.612274 -93.538254 -30.692703 3.700653 
Row: 2
81.906586 -18.328056 87.003265 -33.821518 
Row: 3
21.019997 25.427216 -37.980438 52.847767 
Row: 4
16.729515 69.870270 17.822601 -96.571503 
---------------------------------------------
Time elapsed: 0.000176
